Thu 06 Dec 2001 10:33:21 AM CST - BOXES is empty 
Thu 06 Dec 2001 10:34:33 AM CST - BOXES is empty 
Thu 06 Dec 2001 10:35:08 AM CST - BOXES is empty 
Thu 06 Dec 2001 10:36:18 AM CST - block table = gl_blocks 
Thu 06 Dec 2001 10:36:18 AM CST - BOXES is empty 
Thu 06 Dec 2001 10:38:30 AM CST - block table = gl_blocks 
Thu 06 Dec 2001 10:38:30 AM CST - blocks = 8 
Thu 06 Dec 2001 10:38:30 AM CST - BOXES is empty 
Thu 06 Dec 2001 10:39:13 AM CST - block table = gl_blocks 
Thu 06 Dec 2001 10:39:13 AM CST - blocks = 8 
Thu 06 Dec 2001 10:39:13 AM CST - BOXES =  
Thu 06 Dec 2001 10:39:13 AM CST - BOXES is empty 
Thu 06 Dec 2001 10:39:49 AM CST - block table = gl_blocks 
Thu 06 Dec 2001 10:39:49 AM CST - blocks = 8 
Thu 06 Dec 2001 10:39:49 AM CST - BOXES =  
Thu 06 Dec 2001 10:39:49 AM CST - BOXES is empty 
Thu 06 Dec 2001 10:40:41 AM CST - block table = gl_blocks 
Thu 06 Dec 2001 10:40:41 AM CST - blocks = 6 
Thu 06 Dec 2001 10:40:41 AM CST - BOXES =  
Thu 06 Dec 2001 10:40:41 AM CST - BOXES is empty 
Thu 06 Dec 2001 10:44:00 AM CST - block table = gl_blocks 
Thu 06 Dec 2001 10:44:00 AM CST - blocks = Array 
Thu 06 Dec 2001 10:44:00 AM CST - BOXES = Array 
Thu 06 Dec 2001 10:44:24 AM CST - block table = gl_blocks 
Thu 06 Dec 2001 10:44:24 AM CST - blocks = Array 
Thu 06 Dec 2001 10:44:24 AM CST - BOXES = Array 
Thu 06 Dec 2001 10:44:32 AM CST - block table = gl_blocks 
Thu 06 Dec 2001 10:44:32 AM CST - blocks =  
Thu 06 Dec 2001 10:44:32 AM CST - BOXES =  
Thu 06 Dec 2001 10:44:32 AM CST - BOXES is empty 
Thu 06 Dec 2001 10:47:07 AM CST - command = /bin/tar -C /var/www/livestockworld/plugins/ -xzf /var/www/livestockworld/plugins/staticpages_0.1_1.3.tar.gz 
Thu 06 Dec 2001 10:47:07 AM CST - Attempting to install the Static Page Plugin 
Thu 06 Dec 2001 10:47:07 AM CST - Attempting to create table staticpage for Static Page plugin 
Thu 06 Dec 2001 10:47:07 AM CST - ...success 
Thu 06 Dec 2001 10:47:07 AM CST - Attempting to create Static Page admin group 
Thu 06 Dec 2001 10:47:07 AM CST - ...success 
Thu 06 Dec 2001 10:47:07 AM CST - About to save group_id to vars table for use during uninstall 
Thu 06 Dec 2001 10:47:07 AM CST - ...success 
Thu 06 Dec 2001 10:47:07 AM CST - Attempting to add staticpages.edit feature 
Thu 06 Dec 2001 10:47:07 AM CST - ...success 
Thu 06 Dec 2001 10:47:07 AM CST - Attempting to add staticpages.delete feature 
Thu 06 Dec 2001 10:47:07 AM CST - ...success 
Thu 06 Dec 2001 10:47:07 AM CST - Attempting to give Static Page Admin group access to staticpages.edit feature 
Thu 06 Dec 2001 10:47:07 AM CST - ...success 
Thu 06 Dec 2001 10:47:07 AM CST - Attempting to give Static Page Admin group access to staticpages.delete feature 
Thu 06 Dec 2001 10:47:07 AM CST - ...success 
Thu 06 Dec 2001 10:47:07 AM CST - Attempting to give all users in Root group access static page admin group 
Thu 06 Dec 2001 10:47:07 AM CST - ...success 
Thu 06 Dec 2001 10:47:07 AM CST - Registering Static Page plugin with Geeklog 
Thu 06 Dec 2001 10:47:07 AM CST - ...success 
Thu 06 Dec 2001 10:47:07 AM CST - Succesfully installed the Static Page Plugin! 
Thu 06 Dec 2001 10:47:07 AM CST - command = /bin/rm -Rf /var/www/livestockworld/plugins/staticpages_0.1_1.3.tar.gz 
Thu 06 Dec 2001 10:53:51 AM CST - command = /bin/tar -C /var/www/livestockworld/plugins/ -xzf /var/www/livestockworld/plugins/staticpages_0.1_1.3.tar.gz 
Thu 06 Dec 2001 10:53:51 AM CST - Unable to copy /var/www/livestockworld/plugins/staticpages/public_html/ to staticpages/ 
Thu 06 Dec 2001 10:55:07 AM CST - command = /bin/tar -C /var/www/livestockworld/plugins/ -xzf /var/www/livestockworld/plugins/staticpages_0.1_1.3.tar.gz 
Thu 06 Dec 2001 10:55:07 AM CST - Attempting to install the Static Page Plugin 
Thu 06 Dec 2001 10:55:07 AM CST - Attempting to create table staticpage for Static Page plugin 
Thu 06 Dec 2001 10:55:07 AM CST - ...success 
Thu 06 Dec 2001 10:55:07 AM CST - Attempting to create Static Page admin group 
Thu 06 Dec 2001 10:55:07 AM CST - ...success 
Thu 06 Dec 2001 10:55:07 AM CST - About to save group_id to vars table for use during uninstall 
Thu 06 Dec 2001 10:55:07 AM CST - ...success 
Thu 06 Dec 2001 10:55:07 AM CST - Attempting to add staticpages.edit feature 
Thu 06 Dec 2001 10:55:07 AM CST - ...success 
Thu 06 Dec 2001 10:55:07 AM CST - Attempting to add staticpages.delete feature 
Thu 06 Dec 2001 10:55:07 AM CST - ...success 
Thu 06 Dec 2001 10:55:07 AM CST - Attempting to give Static Page Admin group access to staticpages.edit feature 
Thu 06 Dec 2001 10:55:07 AM CST - ...success 
Thu 06 Dec 2001 10:55:07 AM CST - Attempting to give Static Page Admin group access to staticpages.delete feature 
Thu 06 Dec 2001 10:55:07 AM CST - ...success 
Thu 06 Dec 2001 10:55:07 AM CST - Attempting to give all users in Root group access static page admin group 
Thu 06 Dec 2001 10:55:07 AM CST - ...success 
Thu 06 Dec 2001 10:55:07 AM CST - Registering Static Page plugin with Geeklog 
Thu 06 Dec 2001 10:55:07 AM CST - ...success 
Thu 06 Dec 2001 10:55:07 AM CST - Succesfully installed the Static Page Plugin! 
Thu 06 Dec 2001 10:55:07 AM CST - command = /bin/rm -Rf /var/www/livestockworld/plugins/staticpages_0.1_1.3.tar.gz 
Thu 06 Dec 2001 11:04:26 AM CST - 1146: Table 'livestockworlddev.stories' doesn't exist SQL in question: SELECT sid,title,hits,uid,UNIX_TIMESTAMP(date) as day,'story' as type FROM stories WHERE (draft_flag = 0) AND ((introtext like '%Welcome%' OR introtext like 'Welcome%' OR introtext like '%Welcome') OR (bodytext like '%Welcome%' OR bodytext like 'Welcome%' OR bodytext like '%Welcome') OR (title like '%Welcome%' OR title like 'Welcome%' OR title like '%Welcome')) ORDER BY date desc 
Thu 06 Dec 2001 11:05:04 AM CST - 1146: Table 'livestockworlddev.stories' doesn't exist SQL in question: select count(*) from stories where draft_flag = 0 
Thu 06 Dec 2001 11:06:05 AM CST - 1064: You have an error in your SQL syntax near 'WHERE draft_flag = 0' at line 1 SQL in question: SELECT count(*) FROM  WHERE draft_flag = 0 
Thu 06 Dec 2001 11:07:06 AM CST - 1146: Table 'livestockworlddev.comments' doesn't exist SQL in question: SELECT sid,title,comment,pid,uid,UNIX_TIMESTAMP(date) as day,'comment' as type FROM comments WHERE ((comment like '%Welcome%' OR comment like 'Welcome%' OR comment like '%Welcome') OR (title like '%Welcome%' OR title like 'Welcome%' OR title like '%Welcome')) ORDER BY date desc 
Thu 06 Dec 2001 11:09:08 AM CST - 1064: You have an error in your SQL syntax near '' at line 1 SQL in question: DELETE FROM gl_commentspeedlimit WHERE date < unix_timestamp() -  
Thu 06 Dec 2001 11:55:01 AM CST - command = /bin/tar -C /var/www/livestockworld/plugins/ -xzf /var/www/livestockworld/plugins/staticpages_0.1_1.3.tar.gz 
Thu 06 Dec 2001 11:55:01 AM CST - Unable to copy /var/www/livestockworld/plugins/staticpages/public_html/ to staticpages/ 
Thu 06 Dec 2001 12:04:28 PM CST - command = /bin/tar -C /var/www/livestockworld/plugins/ -xzf /var/www/livestockworld/plugins/staticpages_0.1_1.3.tar.gz 
Thu 06 Dec 2001 12:04:28 PM CST - Attempting to install the Static Page Plugin 
Thu 06 Dec 2001 12:04:28 PM CST - Attempting to create table staticpage for Static Page plugin 
Thu 06 Dec 2001 12:04:28 PM CST - ...success 
Thu 06 Dec 2001 12:04:28 PM CST - Attempting to create Static Page admin group 
Thu 06 Dec 2001 12:04:28 PM CST - ...success 
Thu 06 Dec 2001 12:04:28 PM CST - About to save group_id to vars table for use during uninstall 
Thu 06 Dec 2001 12:04:28 PM CST - ...success 
Thu 06 Dec 2001 12:04:28 PM CST - Attempting to add staticpages.edit feature 
Thu 06 Dec 2001 12:04:28 PM CST - ...success 
Thu 06 Dec 2001 12:04:28 PM CST - Attempting to add staticpages.delete feature 
Thu 06 Dec 2001 12:04:28 PM CST - ...success 
Thu 06 Dec 2001 12:04:28 PM CST - Attempting to give Static Page Admin group access to staticpages.edit feature 
Thu 06 Dec 2001 12:04:28 PM CST - ...success 
Thu 06 Dec 2001 12:04:28 PM CST - Attempting to give Static Page Admin group access to staticpages.delete feature 
Thu 06 Dec 2001 12:04:28 PM CST - ...success 
Thu 06 Dec 2001 12:04:28 PM CST - Attempting to give all users in Root group access static page admin group 
Thu 06 Dec 2001 12:04:28 PM CST - ...success 
Thu 06 Dec 2001 12:04:28 PM CST - Registering Static Page plugin with Geeklog 
Thu 06 Dec 2001 12:04:28 PM CST - ...success 
Thu 06 Dec 2001 12:04:28 PM CST - Succesfully installed the Static Page Plugin! 
Thu 06 Dec 2001 12:04:28 PM CST - command = /bin/rm -Rf /var/www/livestockworld/plugins/staticpages_0.1_1.3.tar.gz 
Thu 06 Dec 2001 12:29:14 PM CST - 1064: You have an error in your SQL syntax near '' at line 1 SQL in question: SELECT *,unix_timestamp(date) AS nice_date FROM gl_comments WHERE sid = '20010719095630103' AND pid = 0 ORDER BY date ASC LIMIT  
Thu 06 Dec 2001 12:29:37 PM CST - 1064: You have an error in your SQL syntax near '' at line 1 SQL in question: SELECT *,unix_timestamp(date) AS nice_date FROM gl_comments WHERE sid = '20010719095630103' AND pid = 0 ORDER BY date ASC LIMIT  
Thu 06 Dec 2001 01:36:15 PM CST - 1146: Table 'livestockworlddev.gl_sessions' doesn't exist SQL in question: SELECT uid FROM gl_sessions WHERE (sess_id = '288583788') AND (start_time > 1007660175) AND (remote_ip = '127.0.0.1') 
Thu 06 Dec 2001 01:39:10 PM CST - 1146: Table 'livestockworlddev.gl_sessions' doesn't exist SQL in question: SELECT uid FROM gl_sessions WHERE (sess_id = '288583788') AND (start_time > 1007660350) AND (remote_ip = '127.0.0.1') 
Thu 06 Dec 2001 02:59:04 PM CST - 1146: Table 'livestockworlddev.gl_sessions' doesn't exist SQL in question: SELECT uid FROM gl_sessions WHERE (sess_id = '288583788') AND (start_time > 1007665144) AND (remote_ip = '127.0.0.1') 
Thu 06 Dec 2001 02:59:40 PM CST - 1146: Table 'livestockworlddev.gl_sessions' doesn't exist SQL in question: SELECT uid FROM gl_sessions WHERE (sess_id = '288583788') AND (start_time > 1007665180) AND (remote_ip = '127.0.0.1') 
